<?xml version="1.0" encoding="UTF-8"?>
<testng-results skipped="0" failed="0" ignored="0" total="1" passed="1">
  <reporter-output>
  </reporter-output>
  <suite name="Default Suite" duration-ms="41" started-at="2017-12-27T10:34:48Z" finished-at="2017-12-27T10:34:48Z">
    <groups>
    </groups>
    <test name="Bootcamp" duration-ms="41" started-at="2017-12-27T10:34:48Z" finished-at="2017-12-27T10:34:48Z">
      <class name="exercises.HelloWorldTest">
        <test-method status="PASS" signature="printText()[pri:0, instance:exercises.HelloWorldTest@233c0b17]" name="printText" duration-ms="10" started-at="2017-12-27T11:34:48Z" finished-at="2017-12-27T11:34:48Z">
          <reporter-output>
          </reporter-output>
        </test-method> <!-- printText -->
      </class> <!-- exercises.HelloWorldTest -->
    </test> <!-- Bootcamp -->
  </suite> <!-- Default Suite -->
</testng-results>
